TN:
SF:api\server.ts
FN:91,(anonymous_0)
FN:121,(anonymous_1)
FN:132,(anonymous_2)
FN:142,(anonymous_3)
FN:147,(anonymous_4)
FN:153,(anonymous_5)
FN:155,(anonymous_6)
FN:161,(anonymous_7)
FN:163,(anonymous_8)
FN:170,startServer
FN:176,(anonymous_10)
FNF:11
FNH:0
FNDA:0,(anonymous_0)
FNDA:0,(anonymous_1)
FNDA:0,(anonymous_2)
FNDA:0,(anonymous_3)
FNDA:0,(anonymous_4)
FNDA:0,(anonymous_5)
FNDA:0,(anonymous_6)
FNDA:0,(anonymous_7)
FNDA:0,(anonymous_8)
FNDA:0,startServer
FNDA:0,(anonymous_10)
DA:39,0
DA:41,0
DA:42,0
DA:43,0
DA:50,0
DA:53,0
DA:65,0
DA:66,0
DA:72,0
DA:73,0
DA:74,0
DA:75,0
DA:78,0
DA:79,0
DA:80,0
DA:83,0
DA:84,0
DA:87,0
DA:88,0
DA:91,0
DA:92,0
DA:101,0
DA:102,0
DA:105,0
DA:106,0
DA:107,0
DA:108,0
DA:109,0
DA:110,0
DA:111,0
DA:112,0
DA:113,0
DA:114,0
DA:115,0
DA:116,0
DA:117,0
DA:118,0
DA:121,0
DA:122,0
DA:126,0
DA:129,0
DA:132,0
DA:133,0
DA:142,0
DA:143,0
DA:144,0
DA:147,0
DA:148,0
DA:149,0
DA:153,0
DA:154,0
DA:155,0
DA:156,0
DA:157,0
DA:161,0
DA:162,0
DA:163,0
DA:164,0
DA:165,0
DA:171,0
DA:173,0
DA:174,0
DA:176,0
DA:177,0
DA:178,0
DA:179,0
DA:183,0
DA:184,0
DA:188,0
LF:69
LH:0
BRDA:45,0,0,0
BRDA:45,0,1,0
BRDA:50,1,0,0
BRDA:50,1,1,0
BRDA:67,2,0,0
BRDA:67,2,1,0
BRDA:96,3,0,0
BRDA:96,3,1,0
BRDA:179,4,0,0
BRDA:179,4,1,0
BRF:10
BRH:0
end_of_record
TN:
SF:api\routes\analytics.ts
FN:81,(anonymous_0)
FNF:1
FNH:0
FNDA:0,(anonymous_0)
DA:13,0
DA:16,0
DA:19,0
DA:20,0
DA:21,0
DA:22,0
DA:23,0
DA:30,0
DA:42,0
DA:50,0
DA:58,0
DA:67,0
DA:74,0
DA:81,0
DA:82,0
LF:15
LH:0
BRF:0
BRH:0
end_of_record
TN:
SF:api\routes\did.ts
FN:11,(anonymous_0)
FN:49,(anonymous_1)
FN:105,(anonymous_2)
FN:148,(anonymous_3)
FNF:4
FNH:0
FNDA:0,(anonymous_0)
FNDA:0,(anonymous_1)
FNDA:0,(anonymous_2)
FNDA:0,(anonymous_3)
DA:4,0
DA:11,0
DA:12,0
DA:13,0
DA:31,0
DA:40,0
DA:49,0
DA:50,0
DA:51,0
DA:53,0
DA:54,0
DA:62,0
DA:63,0
DA:83,0
DA:96,0
DA:105,0
DA:106,0
DA:107,0
DA:110,0
DA:130,0
DA:139,0
DA:148,0
DA:149,0
DA:150,0
DA:152,0
DA:153,0
DA:161,0
DA:163,0
DA:177,0
LF:29
LH:0
BRDA:53,0,0,0
BRDA:53,0,1,0
BRDA:152,1,0,0
BRDA:152,1,1,0
BRDA:152,2,0,0
BRDA:152,2,1,0
BRDA:152,2,2,0
BRF:7
BRH:0
end_of_record
TN:
SF:api\routes\vc.ts
FN:11,(anonymous_0)
FN:58,(anonymous_1)
FN:103,(anonymous_2)
FN:139,(anonymous_3)
FN:178,(anonymous_4)
FNF:5
FNH:0
FNDA:0,(anonymous_0)
FNDA:0,(anonymous_1)
FNDA:0,(anonymous_2)
FNDA:0,(anonymous_3)
FNDA:0,(anonymous_4)
DA:4,0
DA:11,0
DA:12,0
DA:13,0
DA:15,0
DA:16,0
DA:24,0
DA:40,0
DA:49,0
DA:58,0
DA:59,0
DA:60,0
DA:62,0
DA:63,0
DA:71,0
DA:72,0
DA:74,0
DA:94,0
DA:103,0
DA:104,0
DA:105,0
DA:108,0
DA:121,0
DA:130,0
DA:139,0
DA:140,0
DA:141,0
DA:143,0
DA:144,0
DA:152,0
DA:160,0
DA:169,0
DA:178,0
DA:179,0
DA:180,0
DA:228,0
DA:237,0
LF:37
LH:0
BRDA:15,0,0,0
BRDA:15,0,1,0
BRDA:15,1,0,0
BRDA:15,1,1,0
BRDA:15,1,2,0
BRDA:29,2,0,0
BRDA:29,2,1,0
BRDA:62,3,0,0
BRDA:62,3,1,0
BRDA:72,4,0,0
BRDA:72,4,1,0
BRDA:143,5,0,0
BRDA:143,5,1,0
BRDA:155,6,0,0
BRDA:155,6,1,0
BRDA:157,7,0,0
BRDA:157,7,1,0
BRF:17
BRH:0
end_of_record
TN:
SF:api\utils\logger.ts
FN:13,(anonymous_0)
FNF:1
FNH:0
FNDA:0,(anonymous_0)
DA:4,0
DA:10,0
DA:14,0
DA:15,0
DA:19,0
DA:49,0
DA:50,0
LF:7
LH:0
BRDA:14,0,0,0
BRDA:14,0,1,0
BRDA:20,1,0,0
BRDA:20,1,1,0
BRF:4
BRH:0
end_of_record
TN:
SF:src\test\setup.ts
FN:23,(anonymous_0)
FN:35,(anonymous_1)
FNF:2
FNH:0
FNDA:0,(anonymous_0)
FNDA:0,(anonymous_1)
DA:4,0
DA:5,0
DA:6,0
DA:7,0
DA:10,0
DA:20,0
DA:23,0
DA:31,0
DA:33,0
DA:35,0
DA:48,0
DA:51,0
DA:57,0
DA:60,0
DA:66,0
LF:15
LH:0
BRDA:31,0,0,0
BRDA:31,0,1,0
BRF:2
BRH:0
end_of_record
